2023-01-18 07:01:56,038 INFO o.a.j.u.JMeterUtils: Setting Locale to en_EN
2023-01-18 07:01:56,074 INFO o.a.j.JMeter: Loading user properties from: user.properties
2023-01-18 07:01:56,074 INFO o.a.j.JMeter: Loading system properties from: system.properties
2023-01-18 07:01:56,086 INFO o.a.j.JMeter: Copyright (c) 1998-2021 The Apache Software Foundation
2023-01-18 07:01:56,086 INFO o.a.j.JMeter: Version 5.4.3
2023-01-18 07:01:56,086 INFO o.a.j.JMeter: java.version=11.0.11
2023-01-18 07:01:56,086 INFO o.a.j.JMeter: java.vm.name=Java HotSpot(TM) 64-Bit Server VM
2023-01-18 07:01:56,086 INFO o.a.j.JMeter: os.name=Windows 10
2023-01-18 07:01:56,090 INFO o.a.j.JMeter: os.arch=amd64
2023-01-18 07:01:56,090 INFO o.a.j.JMeter: os.version=10.0
2023-01-18 07:01:56,090 INFO o.a.j.JMeter: file.encoding=Cp1252
2023-01-18 07:01:56,090 INFO o.a.j.JMeter: java.awt.headless=true
2023-01-18 07:01:56,090 INFO o.a.j.JMeter: Max memory     =1073741824
2023-01-18 07:01:56,090 INFO o.a.j.JMeter: Available Processors =8
2023-01-18 07:01:56,102 INFO o.a.j.JMeter: Default Locale=English (EN)
2023-01-18 07:01:56,102 INFO o.a.j.JMeter: JMeter  Locale=English (EN)
2023-01-18 07:01:56,102 INFO o.a.j.JMeter: JMeterHome=D:\Python_Assignment\performanceSuite\jmeter
2023-01-18 07:01:56,102 INFO o.a.j.JMeter: user.dir  =D:\Python_Assignment\performanceSuite\jmeter\bin
2023-01-18 07:01:56,102 INFO o.a.j.JMeter: PWD       =D:\Python_Assignment\performanceSuite\jmeter\bin
2023-01-18 07:01:56,123 INFO o.a.j.JMeter: IP: 192.168.0.42 Name: DESKTOP-F06Q66A FullName: 192.168.0.42
2023-01-18 07:01:56,131 INFO o.a.j.s.FileServer: Default base='D:\Python_Assignment\performanceSuite\jmeter\bin'
2023-01-18 07:01:56,131 INFO o.a.j.s.FileServer: Set new base='D:\Python_Assignment\performanceSuite\jmeter\bin\..\..'
2023-01-18 07:01:56,467 INFO o.a.j.s.SaveService: Testplan (JMX) version: 2.2. Testlog (JTL) version: 2.2
2023-01-18 07:01:56,496 INFO o.a.j.s.SaveService: Using SaveService properties version 5.0
2023-01-18 07:01:56,501 INFO o.a.j.s.SaveService: Using SaveService properties file encoding UTF-8
2023-01-18 07:01:56,506 INFO o.a.j.s.SaveService: Loading file: ..\..\perfTest.jmx
2023-01-18 07:01:56,570 INFO o.a.j.p.h.s.HTTPSamplerBase: Parser for text/html is org.apache.jmeter.protocol.http.parser.LagartoBasedHtmlParser
2023-01-18 07:01:56,570 INFO o.a.j.p.h.s.HTTPSamplerBase: Parser for application/xhtml+xml is org.apache.jmeter.protocol.http.parser.LagartoBasedHtmlParser
2023-01-18 07:01:56,570 INFO o.a.j.p.h.s.HTTPSamplerBase: Parser for application/xml is org.apache.jmeter.protocol.http.parser.LagartoBasedHtmlParser
2023-01-18 07:01:56,570 INFO o.a.j.p.h.s.HTTPSamplerBase: Parser for text/xml is org.apache.jmeter.protocol.http.parser.LagartoBasedHtmlParser
2023-01-18 07:01:56,570 INFO o.a.j.p.h.s.HTTPSamplerBase: Parser for text/vnd.wap.wml is org.apache.jmeter.protocol.http.parser.RegexpHTMLParser
2023-01-18 07:01:56,570 INFO o.a.j.p.h.s.HTTPSamplerBase: Parser for text/css is org.apache.jmeter.protocol.http.parser.CssParser
2023-01-18 07:01:56,606 INFO o.a.j.JMeter: Creating summariser <summary>
2023-01-18 07:01:56,615 INFO o.a.j.e.StandardJMeterEngine: Running the test!
2023-01-18 07:01:56,618 INFO o.a.j.s.SampleEvent: List of sample_variables: []
2023-01-18 07:01:56,619 INFO o.a.j.s.SampleEvent: List of sample_variables: []
2023-01-18 07:01:56,641 INFO o.a.j.e.u.CompoundVariable: Note: Function class names must contain the string: '.functions.'
2023-01-18 07:01:56,641 INFO o.a.j.e.u.CompoundVariable: Note: Function class names must not contain the string: '.gui.'
2023-01-18 07:01:57,092 INFO o.a.j.JMeter: Running test (1674021717092)
2023-01-18 07:01:57,113 INFO o.a.j.e.StandardJMeterEngine: Starting ThreadGroup: 1 : Thread Group
2023-01-18 07:01:57,113 INFO o.a.j.e.StandardJMeterEngine: Starting 60 threads for group Thread Group.
2023-01-18 07:01:57,114 INFO o.a.j.e.StandardJMeterEngine: Thread will continue on error
2023-01-18 07:01:57,114 INFO o.a.j.t.ThreadGroup: Starting thread group... number=1 threads=60 ramp-up=60 delayedStart=false
2023-01-18 07:01:57,135 INFO o.a.j.t.JMeterThread: Thread started: Thread Group 1-1
2023-01-18 07:01:57,162 INFO o.a.j.t.ThreadGroup: Started thread group number 1
2023-01-18 07:01:57,162 INFO o.a.j.e.StandardJMeterEngine: All thread groups have been started
2023-01-18 07:01:58,060 INFO o.a.j.p.h.s.HTTPHCAbstractImpl: Local host = DESKTOP-F06Q66A
2023-01-18 07:01:58,069 INFO o.a.j.p.h.s.HTTPHC4Impl: HTTP request retry count = 0
2023-01-18 07:01:58,071 INFO o.a.j.s.SampleResult: Note: Sample TimeStamps are START times
2023-01-18 07:01:58,071 INFO o.a.j.s.SampleResult: sampleresult.default.encoding is set to ISO-8859-1
2023-01-18 07:01:58,072 INFO o.a.j.s.SampleResult: sampleresult.useNanoTime=true
2023-01-18 07:01:58,072 INFO o.a.j.s.SampleResult: sampleresult.nanoThreadSleep=5000
2023-01-18 07:01:58,128 INFO o.a.j.t.JMeterThread: Thread started: Thread Group 1-2
2023-01-18 07:01:58,250 INFO o.a.j.t.JMeterThread: Thread is done: Thread Group 1-1
2023-01-18 07:01:58,250 INFO o.a.j.t.JMeterThread: Thread finished: Thread Group 1-1
2023-01-18 07:01:59,125 INFO o.a.j.t.JMeterThread: Thread started: Thread Group 1-3
2023-01-18 07:02:00,123 INFO o.a.j.t.JMeterThread: Thread started: Thread Group 1-4
2023-01-18 07:02:00,571 INFO o.a.j.r.Summariser: summary +      2 in 00:00:03 =    0.6/s Avg:    28 Min:     4 Max:    52 Err:     0 (0.00%) Active: 3 Started: 4 Finished: 1
2023-01-18 07:02:00,575 INFO o.a.j.t.JMeterThread: Thread is done: Thread Group 1-2
2023-01-18 07:02:00,575 INFO o.a.j.t.JMeterThread: Thread finished: Thread Group 1-2
2023-01-18 07:02:01,121 INFO o.a.j.t.JMeterThread: Thread started: Thread Group 1-5
2023-01-18 07:02:02,121 INFO o.a.j.t.JMeterThread: Thread started: Thread Group 1-6
2023-01-18 07:02:02,494 INFO o.a.j.t.JMeterThread: Thread is done: Thread Group 1-5
2023-01-18 07:02:02,494 INFO o.a.j.t.JMeterThread: Thread finished: Thread Group 1-5
2023-01-18 07:02:02,866 INFO o.a.j.t.JMeterThread: Thread is done: Thread Group 1-3
2023-01-18 07:02:02,866 INFO o.a.j.t.JMeterThread: Thread finished: Thread Group 1-3
2023-01-18 07:02:03,119 INFO o.a.j.t.JMeterThread: Thread started: Thread Group 1-7
2023-01-18 07:02:03,692 INFO o.a.j.t.JMeterThread: Thread is done: Thread Group 1-4
2023-01-18 07:02:03,692 INFO o.a.j.t.JMeterThread: Thread finished: Thread Group 1-4
2023-01-18 07:02:03,970 INFO o.a.j.t.JMeterThread: Thread is done: Thread Group 1-6
2023-01-18 07:02:03,970 INFO o.a.j.t.JMeterThread: Thread finished: Thread Group 1-6
2023-01-18 07:02:04,118 INFO o.a.j.t.JMeterThread: Thread started: Thread Group 1-8
2023-01-18 07:02:05,117 INFO o.a.j.t.JMeterThread: Thread started: Thread Group 1-9
2023-01-18 07:02:05,730 INFO o.a.j.t.JMeterThread: Thread is done: Thread Group 1-8
2023-01-18 07:02:05,731 INFO o.a.j.t.JMeterThread: Thread finished: Thread Group 1-8
2023-01-18 07:02:05,889 INFO o.a.j.t.JMeterThread: Thread is done: Thread Group 1-9
2023-01-18 07:02:05,889 INFO o.a.j.t.JMeterThread: Thread finished: Thread Group 1-9
2023-01-18 07:02:06,071 INFO o.a.j.t.JMeterThread: Thread is done: Thread Group 1-7
2023-01-18 07:02:06,071 INFO o.a.j.t.JMeterThread: Thread finished: Thread Group 1-7
2023-01-18 07:02:06,118 INFO o.a.j.t.JMeterThread: Thread started: Thread Group 1-10
2023-01-18 07:02:07,118 INFO o.a.j.t.JMeterThread: Thread started: Thread Group 1-11
2023-01-18 07:02:08,118 INFO o.a.j.t.JMeterThread: Thread started: Thread Group 1-12
2023-01-18 07:02:09,119 INFO o.a.j.t.JMeterThread: Thread started: Thread Group 1-13
2023-01-18 07:02:09,850 INFO o.a.j.t.JMeterThread: Thread is done: Thread Group 1-10
2023-01-18 07:02:09,850 INFO o.a.j.t.JMeterThread: Thread finished: Thread Group 1-10
2023-01-18 07:02:10,121 INFO o.a.j.t.JMeterThread: Thread started: Thread Group 1-14
2023-01-18 07:02:10,877 INFO o.a.j.t.JMeterThread: Thread is done: Thread Group 1-14
2023-01-18 07:02:10,877 INFO o.a.j.t.JMeterThread: Thread finished: Thread Group 1-14
2023-01-18 07:02:11,117 INFO o.a.j.t.JMeterThread: Thread started: Thread Group 1-15
2023-01-18 07:02:11,331 INFO o.a.j.t.JMeterThread: Thread is done: Thread Group 1-13
2023-01-18 07:02:11,331 INFO o.a.j.t.JMeterThread: Thread finished: Thread Group 1-13
2023-01-18 07:02:12,031 INFO o.a.j.t.JMeterThread: Thread is done: Thread Group 1-11
2023-01-18 07:02:12,032 INFO o.a.j.t.JMeterThread: Thread finished: Thread Group 1-11
2023-01-18 07:02:12,117 INFO o.a.j.t.JMeterThread: Thread started: Thread Group 1-16
2023-01-18 07:02:12,605 INFO o.a.j.t.JMeterThread: Thread is done: Thread Group 1-12
2023-01-18 07:02:12,606 INFO o.a.j.t.JMeterThread: Thread finished: Thread Group 1-12
2023-01-18 07:02:13,115 INFO o.a.j.t.JMeterThread: Thread started: Thread Group 1-17
2023-01-18 07:02:14,114 INFO o.a.j.t.JMeterThread: Thread started: Thread Group 1-18
2023-01-18 07:02:14,243 INFO o.a.j.t.JMeterThread: Thread is done: Thread Group 1-16
2023-01-18 07:02:14,244 INFO o.a.j.t.JMeterThread: Thread finished: Thread Group 1-16
2023-01-18 07:02:14,745 INFO o.a.j.t.JMeterThread: Thread is done: Thread Group 1-15
2023-01-18 07:02:14,745 INFO o.a.j.t.JMeterThread: Thread finished: Thread Group 1-15
2023-01-18 07:02:15,115 INFO o.a.j.t.JMeterThread: Thread started: Thread Group 1-19
2023-01-18 07:02:15,608 INFO o.a.j.t.JMeterThread: Thread is done: Thread Group 1-19
2023-01-18 07:02:15,608 INFO o.a.j.t.JMeterThread: Thread finished: Thread Group 1-19
2023-01-18 07:02:16,078 INFO o.a.j.t.JMeterThread: Thread is done: Thread Group 1-17
2023-01-18 07:02:16,078 INFO o.a.j.t.JMeterThread: Thread finished: Thread Group 1-17
2023-01-18 07:02:16,115 INFO o.a.j.t.JMeterThread: Thread started: Thread Group 1-20
2023-01-18 07:02:17,115 INFO o.a.j.t.JMeterThread: Thread started: Thread Group 1-21
2023-01-18 07:02:18,115 INFO o.a.j.t.JMeterThread: Thread started: Thread Group 1-22
2023-01-18 07:02:18,577 INFO o.a.j.t.JMeterThread: Thread is done: Thread Group 1-18
2023-01-18 07:02:18,577 INFO o.a.j.t.JMeterThread: Thread finished: Thread Group 1-18
2023-01-18 07:02:18,703 INFO o.a.j.t.JMeterThread: Thread is done: Thread Group 1-20
2023-01-18 07:02:18,703 INFO o.a.j.t.JMeterThread: Thread finished: Thread Group 1-20
2023-01-18 07:02:19,115 INFO o.a.j.t.JMeterThread: Thread started: Thread Group 1-23
2023-01-18 07:02:19,250 INFO o.a.j.t.JMeterThread: Thread is done: Thread Group 1-21
2023-01-18 07:02:19,250 INFO o.a.j.t.JMeterThread: Thread finished: Thread Group 1-21
2023-01-18 07:02:20,116 INFO o.a.j.t.JMeterThread: Thread started: Thread Group 1-24
2023-01-18 07:02:21,008 INFO o.a.j.t.JMeterThread: Thread is done: Thread Group 1-22
2023-01-18 07:02:21,008 INFO o.a.j.t.JMeterThread: Thread finished: Thread Group 1-22
2023-01-18 07:02:21,115 INFO o.a.j.t.JMeterThread: Thread started: Thread Group 1-25
2023-01-18 07:02:21,608 INFO o.a.j.t.JMeterThread: Thread is done: Thread Group 1-25
2023-01-18 07:02:21,608 INFO o.a.j.t.JMeterThread: Thread finished: Thread Group 1-25
2023-01-18 07:02:22,116 INFO o.a.j.t.JMeterThread: Thread started: Thread Group 1-26
2023-01-18 07:02:23,115 INFO o.a.j.t.JMeterThread: Thread started: Thread Group 1-27
2023-01-18 07:02:23,528 INFO o.a.j.t.JMeterThread: Thread is done: Thread Group 1-27
2023-01-18 07:02:23,529 INFO o.a.j.t.JMeterThread: Thread finished: Thread Group 1-27
2023-01-18 07:02:24,010 INFO o.a.j.t.JMeterThread: Thread is done: Thread Group 1-23
2023-01-18 07:02:24,010 INFO o.a.j.t.JMeterThread: Thread finished: Thread Group 1-23
2023-01-18 07:02:24,116 INFO o.a.j.t.JMeterThread: Thread started: Thread Group 1-28
2023-01-18 07:02:24,237 INFO o.a.j.t.JMeterThread: Thread is done: Thread Group 1-26
2023-01-18 07:02:24,237 INFO o.a.j.t.JMeterThread: Thread finished: Thread Group 1-26
2023-01-18 07:02:24,486 INFO o.a.j.t.JMeterThread: Thread is done: Thread Group 1-24
2023-01-18 07:02:24,487 INFO o.a.j.t.JMeterThread: Thread finished: Thread Group 1-24
2023-01-18 07:02:25,115 INFO o.a.j.t.JMeterThread: Thread started: Thread Group 1-29
2023-01-18 07:02:26,115 INFO o.a.j.t.JMeterThread: Thread started: Thread Group 1-30
2023-01-18 07:02:26,636 INFO o.a.j.t.JMeterThread: Thread is done: Thread Group 1-29
2023-01-18 07:02:26,636 INFO o.a.j.t.JMeterThread: Thread finished: Thread Group 1-29
2023-01-18 07:02:27,115 INFO o.a.j.t.JMeterThread: Thread started: Thread Group 1-31
2023-01-18 07:02:28,116 INFO o.a.j.t.JMeterThread: Thread started: Thread Group 1-32
2023-01-18 07:02:28,164 INFO o.a.j.t.JMeterThread: Thread is done: Thread Group 1-28
2023-01-18 07:02:28,164 INFO o.a.j.t.JMeterThread: Thread finished: Thread Group 1-28
2023-01-18 07:02:28,295 INFO o.a.j.t.JMeterThread: Thread is done: Thread Group 1-30
2023-01-18 07:02:28,295 INFO o.a.j.t.JMeterThread: Thread finished: Thread Group 1-30
2023-01-18 07:02:29,114 INFO o.a.j.t.JMeterThread: Thread started: Thread Group 1-33
2023-01-18 07:02:30,115 INFO o.a.j.t.JMeterThread: Thread started: Thread Group 1-34
2023-01-18 07:02:30,222 INFO o.a.j.r.Summariser: summary +     29 in 00:00:30 =    1.0/s Avg:     3 Min:     3 Max:     4 Err:     0 (0.00%) Active: 4 Started: 34 Finished: 30
2023-01-18 07:02:30,226 INFO o.a.j.r.Summariser: summary =     31 in 00:00:33 =    0.9/s Avg:     5 Min:     3 Max:    52 Err:     0 (0.00%)
2023-01-18 07:02:30,227 INFO o.a.j.t.JMeterThread: Thread is done: Thread Group 1-31
2023-01-18 07:02:30,227 INFO o.a.j.t.JMeterThread: Thread finished: Thread Group 1-31
2023-01-18 07:02:30,781 INFO o.a.j.t.JMeterThread: Thread is done: Thread Group 1-34
2023-01-18 07:02:30,781 INFO o.a.j.t.JMeterThread: Thread finished: Thread Group 1-34
2023-01-18 07:02:31,115 INFO o.a.j.t.JMeterThread: Thread started: Thread Group 1-35
2023-01-18 07:02:31,552 INFO o.a.j.t.JMeterThread: Thread is done: Thread Group 1-32
2023-01-18 07:02:31,552 INFO o.a.j.t.JMeterThread: Thread finished: Thread Group 1-32
2023-01-18 07:02:32,115 INFO o.a.j.t.JMeterThread: Thread started: Thread Group 1-36
2023-01-18 07:02:32,708 INFO o.a.j.t.JMeterThread: Thread is done: Thread Group 1-33
2023-01-18 07:02:32,708 INFO o.a.j.t.JMeterThread: Thread finished: Thread Group 1-33
2023-01-18 07:02:33,115 INFO o.a.j.t.JMeterThread: Thread started: Thread Group 1-37
2023-01-18 07:02:33,236 INFO o.a.j.t.JMeterThread: Thread is done: Thread Group 1-36
2023-01-18 07:02:33,236 INFO o.a.j.t.JMeterThread: Thread finished: Thread Group 1-36
2023-01-18 07:02:34,116 INFO o.a.j.t.JMeterThread: Thread started: Thread Group 1-38
2023-01-18 07:02:35,115 INFO o.a.j.t.JMeterThread: Thread started: Thread Group 1-39
2023-01-18 07:02:35,324 INFO o.a.j.t.JMeterThread: Thread is done: Thread Group 1-37
2023-01-18 07:02:35,325 INFO o.a.j.t.JMeterThread: Thread finished: Thread Group 1-37
2023-01-18 07:02:35,630 INFO o.a.j.t.JMeterThread: Thread is done: Thread Group 1-35
2023-01-18 07:02:35,630 INFO o.a.j.t.JMeterThread: Thread finished: Thread Group 1-35
2023-01-18 07:02:35,795 INFO o.a.j.t.JMeterThread: Thread is done: Thread Group 1-39
2023-01-18 07:02:35,795 INFO o.a.j.t.JMeterThread: Thread finished: Thread Group 1-39
2023-01-18 07:02:36,114 INFO o.a.j.t.JMeterThread: Thread started: Thread Group 1-40
2023-01-18 07:02:37,116 INFO o.a.j.t.JMeterThread: Thread started: Thread Group 1-41
2023-01-18 07:02:37,915 INFO o.a.j.t.JMeterThread: Thread is done: Thread Group 1-41
2023-01-18 07:02:37,915 INFO o.a.j.t.JMeterThread: Thread finished: Thread Group 1-41
2023-01-18 07:02:38,114 INFO o.a.j.t.JMeterThread: Thread started: Thread Group 1-42
2023-01-18 07:02:38,789 INFO o.a.j.t.JMeterThread: Thread is done: Thread Group 1-38
2023-01-18 07:02:38,789 INFO o.a.j.t.JMeterThread: Thread finished: Thread Group 1-38
2023-01-18 07:02:38,815 INFO o.a.j.t.JMeterThread: Thread is done: Thread Group 1-40
2023-01-18 07:02:38,815 INFO o.a.j.t.JMeterThread: Thread finished: Thread Group 1-40
2023-01-18 07:02:39,116 INFO o.a.j.t.JMeterThread: Thread started: Thread Group 1-43
2023-01-18 07:02:39,319 INFO o.a.j.t.JMeterThread: Thread is done: Thread Group 1-43
2023-01-18 07:02:39,319 INFO o.a.j.t.JMeterThread: Thread finished: Thread Group 1-43
2023-01-18 07:02:40,115 INFO o.a.j.t.JMeterThread: Thread started: Thread Group 1-44
2023-01-18 07:02:41,116 INFO o.a.j.t.JMeterThread: Thread started: Thread Group 1-45
2023-01-18 07:02:42,017 INFO o.a.j.t.JMeterThread: Thread is done: Thread Group 1-42
2023-01-18 07:02:42,017 INFO o.a.j.t.JMeterThread: Thread finished: Thread Group 1-42
2023-01-18 07:02:42,115 INFO o.a.j.t.JMeterThread: Thread started: Thread Group 1-46
2023-01-18 07:02:42,502 INFO o.a.j.t.JMeterThread: Thread is done: Thread Group 1-46
2023-01-18 07:02:42,503 INFO o.a.j.t.JMeterThread: Thread finished: Thread Group 1-46
2023-01-18 07:02:42,694 INFO o.a.j.t.JMeterThread: Thread is done: Thread Group 1-45
2023-01-18 07:02:42,694 INFO o.a.j.t.JMeterThread: Thread finished: Thread Group 1-45
2023-01-18 07:02:43,114 INFO o.a.j.t.JMeterThread: Thread started: Thread Group 1-47
2023-01-18 07:02:44,115 INFO o.a.j.t.JMeterThread: Thread started: Thread Group 1-48
2023-01-18 07:02:44,639 INFO o.a.j.t.JMeterThread: Thread is done: Thread Group 1-44
2023-01-18 07:02:44,639 INFO o.a.j.t.JMeterThread: Thread finished: Thread Group 1-44
2023-01-18 07:02:44,747 INFO o.a.j.t.JMeterThread: Thread is done: Thread Group 1-47
2023-01-18 07:02:44,747 INFO o.a.j.t.JMeterThread: Thread finished: Thread Group 1-47
2023-01-18 07:02:45,114 INFO o.a.j.t.JMeterThread: Thread started: Thread Group 1-49
2023-01-18 07:02:45,599 INFO o.a.j.t.JMeterThread: Thread is done: Thread Group 1-48
2023-01-18 07:02:45,599 INFO o.a.j.t.JMeterThread: Thread finished: Thread Group 1-48
2023-01-18 07:02:46,116 INFO o.a.j.t.JMeterThread: Thread started: Thread Group 1-50
2023-01-18 07:02:47,115 INFO o.a.j.t.JMeterThread: Thread started: Thread Group 1-51
2023-01-18 07:02:48,115 INFO o.a.j.t.JMeterThread: Thread started: Thread Group 1-52
2023-01-18 07:02:48,662 INFO o.a.j.t.JMeterThread: Thread is done: Thread Group 1-50
2023-01-18 07:02:48,662 INFO o.a.j.t.JMeterThread: Thread finished: Thread Group 1-50
2023-01-18 07:02:49,115 INFO o.a.j.t.JMeterThread: Thread started: Thread Group 1-53
2023-01-18 07:02:49,924 INFO o.a.j.t.JMeterThread: Thread is done: Thread Group 1-53
2023-01-18 07:02:49,924 INFO o.a.j.t.JMeterThread: Thread finished: Thread Group 1-53
2023-01-18 07:02:50,043 INFO o.a.j.t.JMeterThread: Thread is done: Thread Group 1-49
2023-01-18 07:02:50,043 INFO o.a.j.t.JMeterThread: Thread finished: Thread Group 1-49
2023-01-18 07:02:50,115 INFO o.a.j.t.JMeterThread: Thread started: Thread Group 1-54
2023-01-18 07:02:51,115 INFO o.a.j.t.JMeterThread: Thread started: Thread Group 1-55
2023-01-18 07:02:51,861 INFO o.a.j.t.JMeterThread: Thread is done: Thread Group 1-51
2023-01-18 07:02:51,861 INFO o.a.j.t.JMeterThread: Thread finished: Thread Group 1-51
2023-01-18 07:02:52,115 INFO o.a.j.t.JMeterThread: Thread started: Thread Group 1-56
2023-01-18 07:02:52,553 INFO o.a.j.t.JMeterThread: Thread is done: Thread Group 1-54
2023-01-18 07:02:52,553 INFO o.a.j.t.JMeterThread: Thread finished: Thread Group 1-54
2023-01-18 07:02:52,916 INFO o.a.j.t.JMeterThread: Thread is done: Thread Group 1-52
2023-01-18 07:02:52,916 INFO o.a.j.t.JMeterThread: Thread finished: Thread Group 1-52
2023-01-18 07:02:53,115 INFO o.a.j.t.JMeterThread: Thread started: Thread Group 1-57
2023-01-18 07:02:53,702 INFO o.a.j.t.JMeterThread: Thread is done: Thread Group 1-55
2023-01-18 07:02:53,702 INFO o.a.j.t.JMeterThread: Thread finished: Thread Group 1-55
2023-01-18 07:02:54,114 INFO o.a.j.t.JMeterThread: Thread started: Thread Group 1-58
2023-01-18 07:02:55,115 INFO o.a.j.t.JMeterThread: Thread started: Thread Group 1-59
2023-01-18 07:02:55,345 INFO o.a.j.t.JMeterThread: Thread is done: Thread Group 1-56
2023-01-18 07:02:55,345 INFO o.a.j.t.JMeterThread: Thread finished: Thread Group 1-56
2023-01-18 07:02:55,688 INFO o.a.j.t.JMeterThread: Thread is done: Thread Group 1-57
2023-01-18 07:02:55,688 INFO o.a.j.t.JMeterThread: Thread finished: Thread Group 1-57
2023-01-18 07:02:56,114 INFO o.a.j.t.JMeterThread: Thread started: Thread Group 1-60
2023-01-18 07:02:56,460 INFO o.a.j.t.JMeterThread: Thread is done: Thread Group 1-58
2023-01-18 07:02:56,460 INFO o.a.j.t.JMeterThread: Thread finished: Thread Group 1-58
2023-01-18 07:02:57,313 INFO o.a.j.t.JMeterThread: Thread is done: Thread Group 1-59
2023-01-18 07:02:57,313 INFO o.a.j.t.JMeterThread: Thread finished: Thread Group 1-59
2023-01-18 07:02:59,777 INFO o.a.j.t.JMeterThread: Thread is done: Thread Group 1-60
2023-01-18 07:02:59,777 INFO o.a.j.t.JMeterThread: Thread finished: Thread Group 1-60
2023-01-18 07:02:59,777 INFO o.a.j.e.StandardJMeterEngine: Notifying test listeners of end of test
2023-01-18 07:02:59,778 INFO o.a.j.r.Summariser: summary +     29 in 00:00:30 =    1.0/s Avg:     3 Min:     3 Max:     4 Err:     0 (0.00%) Active: 0 Started: 60 Finished: 60
2023-01-18 07:02:59,782 INFO o.a.j.r.Summariser: summary =     60 in 00:01:03 =    1.0/s Avg:     4 Min:     3 Max:    52 Err:     0 (0.00%)
